2024-01-14 16:31:17,758 [Worker-4: Loading available Gradle versions] INFO  o.e.b.c.i.u.g.PublishedGradleVersions - Gradle version information cache is out-of-date. Trying to update.
2024-01-14 17:24:45,706 [Worker-3: Loading available Gradle versions] INFO  o.e.b.c.i.u.g.PublishedGradleVersions - Gradle version information cache is up-to-date. Trying to read.
2024-01-14 17:30:01,143 [ModalContext] INFO  o.e.m.c.i.e.AbstractTransferListenerAdapter - Downloading https://repo.maven.apache.org/maven2/org/apache/maven/archetypes/maven-archetype-webapp/1.0/maven-archetype-webapp-1.0.pom
2024-01-14 17:30:01,154 [ModalContext] INFO  o.e.m.c.i.e.AbstractTransferListenerAdapter - Downloaded https://repo.maven.apache.org/maven2/org/apache/maven/archetypes/maven-archetype-webapp/1.0/maven-archetype-webapp-1.0.pom
2024-01-14 17:30:01,252 [ModalContext] INFO  o.e.m.c.i.e.AbstractTransferListenerAdapter - Downloading https://repo.maven.apache.org/maven2/org/apache/maven/archetypes/maven-archetype-bundles/2/maven-archetype-bundles-2.pom
2024-01-14 17:30:01,256 [ModalContext] INFO  o.e.m.c.i.e.AbstractTransferListenerAdapter - Downloaded https://repo.maven.apache.org/maven2/org/apache/maven/archetypes/maven-archetype-bundles/2/maven-archetype-bundles-2.pom
2024-01-14 17:30:01,367 [ModalContext] INFO  o.e.m.c.i.e.AbstractTransferListenerAdapter - Downloading https://repo.maven.apache.org/maven2/org/apache/maven/archetype/maven-archetype-parent/1/maven-archetype-parent-1.pom
2024-01-14 17:30:01,371 [ModalContext] INFO  o.e.m.c.i.e.AbstractTransferListenerAdapter - Downloaded https://repo.maven.apache.org/maven2/org/apache/maven/archetype/maven-archetype-parent/1/maven-archetype-parent-1.pom
2024-01-14 17:30:01,440 [ModalContext] INFO  o.e.m.c.i.e.AbstractTransferListenerAdapter - Downloading https://repo.maven.apache.org/maven2/org/apache/maven/maven-parent/4/maven-parent-4.pom
2024-01-14 17:30:01,450 [ModalContext] INFO  o.e.m.c.i.e.AbstractTransferListenerAdapter - Downloaded https://repo.maven.apache.org/maven2/org/apache/maven/maven-parent/4/maven-parent-4.pom
2024-01-14 17:30:01,582 [ModalContext] INFO  o.e.m.c.i.e.AbstractTransferListenerAdapter - Downloading https://repo.maven.apache.org/maven2/org/apache/maven/archetypes/maven-archetype-webapp/1.0/maven-archetype-webapp-1.0.jar
2024-01-14 17:30:01,587 [ModalContext] INFO  o.e.m.c.i.e.AbstractTransferListenerAdapter - Downloaded https://repo.maven.apache.org/maven2/org/apache/maven/archetypes/maven-archetype-webapp/1.0/maven-archetype-webapp-1.0.jar
2024-01-14 17:31:52,684 [Worker-5: Launching mavenrun-230fc936-1cdd-41a1-835b-4603ee94b633] INFO  o.eclipse.m2e.core.internal.Bundles - getClasspathEntries(Bundle=org.eclipse.m2e.maven.runtime_3.9.500.20231113-2345 [629])
2024-01-14 17:31:52,686 [Worker-5: Launching mavenrun-230fc936-1cdd-41a1-835b-4603ee94b633] INFO  o.eclipse.m2e.core.internal.Bundles - 	Entry: D:\SOFTWARES\eclipse\plugins\org.eclipse.m2e.maven.runtime_3.9.500.20231113-2345
2024-01-14 17:31:52,687 [Worker-5: Launching mavenrun-230fc936-1cdd-41a1-835b-4603ee94b633] INFO  o.eclipse.m2e.core.internal.Bundles - 	Entry: D:\SOFTWARES\eclipse\plugins\org.eclipse.m2e.maven.runtime_3.9.500.20231113-2345\jars\aopalliance-1.0.jar
2024-01-14 17:31:52,687 [Worker-5: Launching mavenrun-230fc936-1cdd-41a1-835b-4603ee94b633] INFO  o.eclipse.m2e.core.internal.Bundles - 	Entry: D:\SOFTWARES\eclipse\plugins\org.eclipse.m2e.maven.runtime_3.9.500.20231113-2345\jars\guice-5.1.0.jar
2024-01-14 17:31:52,687 [Worker-5: Launching mavenrun-230fc936-1cdd-41a1-835b-4603ee94b633] INFO  o.eclipse.m2e.core.internal.Bundles - 	Entry: D:\SOFTWARES\eclipse\plugins\org.eclipse.m2e.maven.runtime_3.9.500.20231113-2345\jars\httpclient-4.5.14.jar
2024-01-14 17:31:52,687 [Worker-5: Launching mavenrun-230fc936-1cdd-41a1-835b-4603ee94b633] INFO  o.eclipse.m2e.core.internal.Bundles - 	Entry: D:\SOFTWARES\eclipse\plugins\org.eclipse.m2e.maven.runtime_3.9.500.20231113-2345\jars\httpcore-4.4.16.jar
2024-01-14 17:31:52,687 [Worker-5: Launching mavenrun-230fc936-1cdd-41a1-835b-4603ee94b633] INFO  o.eclipse.m2e.core.internal.Bundles - 	Entry: D:\SOFTWARES\eclipse\plugins\org.eclipse.m2e.maven.runtime_3.9.500.20231113-2345\jars\jansi-2.4.0.jar
2024-01-14 17:31:52,688 [Worker-5: Launching mavenrun-230fc936-1cdd-41a1-835b-4603ee94b633] INFO  o.eclipse.m2e.core.internal.Bundles - 	Entry: D:\SOFTWARES\eclipse\plugins\org.eclipse.m2e.maven.runtime_3.9.500.20231113-2345\jars\jcl-over-slf4j-1.7.36.jar
2024-01-14 17:31:52,688 [Worker-5: Launching mavenrun-230fc936-1cdd-41a1-835b-4603ee94b633] INFO  o.eclipse.m2e.core.internal.Bundles - 	Entry: D:\SOFTWARES\eclipse\plugins\org.eclipse.m2e.maven.runtime_3.9.500.20231113-2345\jars\maven-artifact-3.9.5.jar
2024-01-14 17:31:52,688 [Worker-5: Launching mavenrun-230fc936-1cdd-41a1-835b-4603ee94b633] INFO  o.eclipse.m2e.core.internal.Bundles - 	Entry: D:\SOFTWARES\eclipse\plugins\org.eclipse.m2e.maven.runtime_3.9.500.20231113-2345\jars\maven-builder-support-3.9.5.jar
2024-01-14 17:31:52,688 [Worker-5: Launching mavenrun-230fc936-1cdd-41a1-835b-4603ee94b633] INFO  o.eclipse.m2e.core.internal.Bundles - 	Entry: D:\SOFTWARES\eclipse\plugins\org.eclipse.m2e.maven.runtime_3.9.500.20231113-2345\jars\maven-compat-3.9.5.jar
2024-01-14 17:31:52,688 [Worker-5: Launching mavenrun-230fc936-1cdd-41a1-835b-4603ee94b633] INFO  o.eclipse.m2e.core.internal.Bundles - 	Entry: D:\SOFTWARES\eclipse\plugins\org.eclipse.m2e.maven.runtime_3.9.500.20231113-2345\jars\maven-core-3.9.5.jar
2024-01-14 17:31:52,689 [Worker-5: Launching mavenrun-230fc936-1cdd-41a1-835b-4603ee94b633] INFO  o.eclipse.m2e.core.internal.Bundles - 	Entry: D:\SOFTWARES\eclipse\plugins\org.eclipse.m2e.maven.runtime_3.9.500.20231113-2345\jars\maven-embedder-3.9.5.jar
2024-01-14 17:31:52,689 [Worker-5: Launching mavenrun-230fc936-1cdd-41a1-835b-4603ee94b633] INFO  o.eclipse.m2e.core.internal.Bundles - 	Entry: D:\SOFTWARES\eclipse\plugins\org.eclipse.m2e.maven.runtime_3.9.500.20231113-2345\jars\maven-model-3.9.5.jar
2024-01-14 17:31:52,689 [Worker-5: Launching mavenrun-230fc936-1cdd-41a1-835b-4603ee94b633] INFO  o.eclipse.m2e.core.internal.Bundles - 	Entry: D:\SOFTWARES\eclipse\plugins\org.eclipse.m2e.maven.runtime_3.9.500.20231113-2345\jars\maven-model-builder-3.9.5.jar
2024-01-14 17:31:52,689 [Worker-5: Launching mavenrun-230fc936-1cdd-41a1-835b-4603ee94b633] INFO  o.eclipse.m2e.core.internal.Bundles - 	Entry: D:\SOFTWARES\eclipse\plugins\org.eclipse.m2e.maven.runtime_3.9.500.20231113-2345\jars\maven-plugin-api-3.9.5.jar
2024-01-14 17:31:52,689 [Worker-5: Launching mavenrun-230fc936-1cdd-41a1-835b-4603ee94b633] INFO  o.eclipse.m2e.core.internal.Bundles - 	Entry: D:\SOFTWARES\eclipse\plugins\org.eclipse.m2e.maven.runtime_3.9.500.20231113-2345\jars\maven-repository-metadata-3.9.5.jar
2024-01-14 17:31:52,690 [Worker-5: Launching mavenrun-230fc936-1cdd-41a1-835b-4603ee94b633] INFO  o.eclipse.m2e.core.internal.Bundles - 	Entry: D:\SOFTWARES\eclipse\plugins\org.eclipse.m2e.maven.runtime_3.9.500.20231113-2345\jars\maven-resolver-api-1.9.16.jar
2024-01-14 17:31:52,690 [Worker-5: Launching mavenrun-230fc936-1cdd-41a1-835b-4603ee94b633] INFO  o.eclipse.m2e.core.internal.Bundles - 	Entry: D:\SOFTWARES\eclipse\plugins\org.eclipse.m2e.maven.runtime_3.9.500.20231113-2345\jars\maven-resolver-connector-basic-1.9.16.jar
2024-01-14 17:31:52,690 [Worker-5: Launching mavenrun-230fc936-1cdd-41a1-835b-4603ee94b633] INFO  o.eclipse.m2e.core.internal.Bundles - 	Entry: D:\SOFTWARES\eclipse\plugins\org.eclipse.m2e.maven.runtime_3.9.500.20231113-2345\jars\maven-resolver-impl-1.9.16.jar
2024-01-14 17:31:52,690 [Worker-5: Launching mavenrun-230fc936-1cdd-41a1-835b-4603ee94b633] INFO  o.eclipse.m2e.core.internal.Bundles - 	Entry: D:\SOFTWARES\eclipse\plugins\org.eclipse.m2e.maven.runtime_3.9.500.20231113-2345\jars\maven-resolver-named-locks-1.9.16.jar
2024-01-14 17:31:52,690 [Worker-5: Launching mavenrun-230fc936-1cdd-41a1-835b-4603ee94b633] INFO  o.eclipse.m2e.core.internal.Bundles - 	Entry: D:\SOFTWARES\eclipse\plugins\org.eclipse.m2e.maven.runtime_3.9.500.20231113-2345\jars\maven-resolver-provider-3.9.5.jar
2024-01-14 17:31:52,691 [Worker-5: Launching mavenrun-230fc936-1cdd-41a1-835b-4603ee94b633] INFO  o.eclipse.m2e.core.internal.Bundles - 	Entry: D:\SOFTWARES\eclipse\plugins\org.eclipse.m2e.maven.runtime_3.9.500.20231113-2345\jars\maven-resolver-spi-1.9.16.jar
2024-01-14 17:31:52,691 [Worker-5: Launching mavenrun-230fc936-1cdd-41a1-835b-4603ee94b633] INFO  o.eclipse.m2e.core.internal.Bundles - 	Entry: D:\SOFTWARES\eclipse\plugins\org.eclipse.m2e.maven.runtime_3.9.500.20231113-2345\jars\maven-resolver-transport-file-1.9.16.jar
2024-01-14 17:31:52,692 [Worker-5: Launching mavenrun-230fc936-1cdd-41a1-835b-4603ee94b633] INFO  o.eclipse.m2e.core.internal.Bundles - 	Entry: D:\SOFTWARES\eclipse\plugins\org.eclipse.m2e.maven.runtime_3.9.500.20231113-2345\jars\maven-resolver-transport-http-1.9.16.jar
2024-01-14 17:31:52,692 [Worker-5: Launching mavenrun-230fc936-1cdd-41a1-835b-4603ee94b633] INFO  o.eclipse.m2e.core.internal.Bundles - 	Entry: D:\SOFTWARES\eclipse\plugins\org.eclipse.m2e.maven.runtime_3.9.500.20231113-2345\jars\maven-resolver-transport-wagon-1.9.16.jar
2024-01-14 17:31:52,692 [Worker-5: Launching mavenrun-230fc936-1cdd-41a1-835b-4603ee94b633] INFO  o.eclipse.m2e.core.internal.Bundles - 	Entry: D:\SOFTWARES\eclipse\plugins\org.eclipse.m2e.maven.runtime_3.9.500.20231113-2345\jars\maven-resolver-util-1.9.16.jar
2024-01-14 17:31:52,693 [Worker-5: Launching mavenrun-230fc936-1cdd-41a1-835b-4603ee94b633] INFO  o.eclipse.m2e.core.internal.Bundles - 	Entry: D:\SOFTWARES\eclipse\plugins\org.eclipse.m2e.maven.runtime_3.9.500.20231113-2345\jars\maven-settings-3.9.5.jar
2024-01-14 17:31:52,693 [Worker-5: Launching mavenrun-230fc936-1cdd-41a1-835b-4603ee94b633] INFO  o.eclipse.m2e.core.internal.Bundles - 	Entry: D:\SOFTWARES\eclipse\plugins\org.eclipse.m2e.maven.runtime_3.9.500.20231113-2345\jars\maven-settings-builder-3.9.5.jar
2024-01-14 17:31:52,693 [Worker-5: Launching mavenrun-230fc936-1cdd-41a1-835b-4603ee94b633] INFO  o.eclipse.m2e.core.internal.Bundles - 	Entry: D:\SOFTWARES\eclipse\plugins\org.eclipse.m2e.maven.runtime_3.9.500.20231113-2345\jars\maven-shared-utils-3.3.4.jar
2024-01-14 17:31:52,693 [Worker-5: Launching mavenrun-230fc936-1cdd-41a1-835b-4603ee94b633] INFO  o.eclipse.m2e.core.internal.Bundles - 	Entry: D:\SOFTWARES\eclipse\plugins\org.eclipse.m2e.maven.runtime_3.9.500.20231113-2345\jars\org.eclipse.sisu.inject-0.3.5.jar
2024-01-14 17:31:52,694 [Worker-5: Launching mavenrun-230fc936-1cdd-41a1-835b-4603ee94b633] INFO  o.eclipse.m2e.core.internal.Bundles - 	Entry: D:\SOFTWARES\eclipse\plugins\org.eclipse.m2e.maven.runtime_3.9.500.20231113-2345\jars\org.eclipse.sisu.plexus-0.3.5.jar
2024-01-14 17:31:52,694 [Worker-5: Launching mavenrun-230fc936-1cdd-41a1-835b-4603ee94b633] INFO  o.eclipse.m2e.core.internal.Bundles - 	Entry: D:\SOFTWARES\eclipse\plugins\org.eclipse.m2e.maven.runtime_3.9.500.20231113-2345\jars\plexus-build-api-0.0.7.jar
2024-01-14 17:31:52,694 [Worker-5: Launching mavenrun-230fc936-1cdd-41a1-835b-4603ee94b633] INFO  o.eclipse.m2e.core.internal.Bundles - 	Entry: D:\SOFTWARES\eclipse\plugins\org.eclipse.m2e.maven.runtime_3.9.500.20231113-2345\jars\plexus-cipher-2.0.jar
2024-01-14 17:31:52,694 [Worker-5: Launching mavenrun-230fc936-1cdd-41a1-835b-4603ee94b633] INFO  o.eclipse.m2e.core.internal.Bundles - 	Entry: D:\SOFTWARES\eclipse\plugins\org.eclipse.m2e.maven.runtime_3.9.500.20231113-2345\jars\plexus-classworlds-2.7.0.jar
2024-01-14 17:31:52,695 [Worker-5: Launching mavenrun-230fc936-1cdd-41a1-835b-4603ee94b633] INFO  o.eclipse.m2e.core.internal.Bundles - 	Entry: D:\SOFTWARES\eclipse\plugins\org.eclipse.m2e.maven.runtime_3.9.500.20231113-2345\jars\plexus-component-annotations-2.1.0.jar
2024-01-14 17:31:52,695 [Worker-5: Launching mavenrun-230fc936-1cdd-41a1-835b-4603ee94b633] INFO  o.eclipse.m2e.core.internal.Bundles - 	Entry: D:\SOFTWARES\eclipse\plugins\org.eclipse.m2e.maven.runtime_3.9.500.20231113-2345\jars\plexus-interpolation-1.26.jar
2024-01-14 17:31:52,695 [Worker-5: Launching mavenrun-230fc936-1cdd-41a1-835b-4603ee94b633] INFO  o.eclipse.m2e.core.internal.Bundles - 	Entry: D:\SOFTWARES\eclipse\plugins\org.eclipse.m2e.maven.runtime_3.9.500.20231113-2345\jars\plexus-sec-dispatcher-2.0.jar
2024-01-14 17:31:52,695 [Worker-5: Launching mavenrun-230fc936-1cdd-41a1-835b-4603ee94b633] INFO  o.eclipse.m2e.core.internal.Bundles - 	Entry: D:\SOFTWARES\eclipse\plugins\org.eclipse.m2e.maven.runtime_3.9.500.20231113-2345\jars\plexus-utils-3.5.1.jar
2024-01-14 17:31:52,696 [Worker-5: Launching mavenrun-230fc936-1cdd-41a1-835b-4603ee94b633] INFO  o.eclipse.m2e.core.internal.Bundles - 	Entry: D:\SOFTWARES\eclipse\plugins\org.eclipse.m2e.maven.runtime_3.9.500.20231113-2345\jars\wagon-file-3.5.3.jar
2024-01-14 17:31:52,697 [Worker-5: Launching mavenrun-230fc936-1cdd-41a1-835b-4603ee94b633] INFO  o.eclipse.m2e.core.internal.Bundles - 	Entry: D:\SOFTWARES\eclipse\plugins\org.eclipse.m2e.maven.runtime_3.9.500.20231113-2345\jars\wagon-http-3.5.3.jar
2024-01-14 17:31:52,697 [Worker-5: Launching mavenrun-230fc936-1cdd-41a1-835b-4603ee94b633] INFO  o.eclipse.m2e.core.internal.Bundles - 	Entry: D:\SOFTWARES\eclipse\plugins\org.eclipse.m2e.maven.runtime_3.9.500.20231113-2345\jars\wagon-http-shared-3.5.3.jar
2024-01-14 17:31:52,697 [Worker-5: Launching mavenrun-230fc936-1cdd-41a1-835b-4603ee94b633] INFO  o.eclipse.m2e.core.internal.Bundles - 	Entry: D:\SOFTWARES\eclipse\plugins\org.eclipse.m2e.maven.runtime_3.9.500.20231113-2345\jars\wagon-provider-api-3.5.3.jar
2024-01-14 17:31:52,698 [Worker-5: Launching mavenrun-230fc936-1cdd-41a1-835b-4603ee94b633] INFO  o.eclipse.m2e.core.internal.Bundles - getClasspathEntries(Bundle=com.google.guava_32.1.3.jre [12])
2024-01-14 17:31:52,699 [Worker-5: Launching mavenrun-230fc936-1cdd-41a1-835b-4603ee94b633] INFO  o.eclipse.m2e.core.internal.Bundles - 	Entry: D:\SOFTWARES\eclipse\plugins\com.google.guava_32.1.3.jre.jar
2024-01-14 17:31:52,699 [Worker-5: Launching mavenrun-230fc936-1cdd-41a1-835b-4603ee94b633] INFO  o.eclipse.m2e.core.internal.Bundles - getClasspathEntries(Bundle=slf4j.api_2.0.9 [989])
2024-01-14 17:31:52,700 [Worker-5: Launching mavenrun-230fc936-1cdd-41a1-835b-4603ee94b633] INFO  o.eclipse.m2e.core.internal.Bundles - 	Entry: D:\SOFTWARES\eclipse\plugins\slf4j.api_2.0.9.jar
2024-01-14 17:31:52,700 [Worker-5: Launching mavenrun-230fc936-1cdd-41a1-835b-4603ee94b633] INFO  o.eclipse.m2e.core.internal.Bundles - getClasspathEntries(Bundle=jakarta.inject.jakarta.inject-api_1.0.5 [29])
2024-01-14 17:31:52,701 [Worker-5: Launching mavenrun-230fc936-1cdd-41a1-835b-4603ee94b633] INFO  o.eclipse.m2e.core.internal.Bundles - 	Entry: D:\SOFTWARES\eclipse\plugins\jakarta.inject.jakarta.inject-api_1.0.5.jar
2024-01-14 17:31:52,701 [Worker-5: Launching mavenrun-230fc936-1cdd-41a1-835b-4603ee94b633] INFO  o.eclipse.m2e.core.internal.Bundles - getClasspathEntries(Bundle=jakarta.annotation-api_1.3.5 [24])
2024-01-14 17:31:52,701 [Worker-5: Launching mavenrun-230fc936-1cdd-41a1-835b-4603ee94b633] INFO  o.eclipse.m2e.core.internal.Bundles - 	Entry: D:\SOFTWARES\eclipse\plugins\jakarta.annotation-api_1.3.5.jar
2024-01-14 17:31:52,701 [Worker-5: Launching mavenrun-230fc936-1cdd-41a1-835b-4603ee94b633] INFO  o.eclipse.m2e.core.internal.Bundles - getClasspathEntries(Bundle=org.apache.commons.cli_1.6.0 [71])
2024-01-14 17:31:52,704 [Worker-5: Launching mavenrun-230fc936-1cdd-41a1-835b-4603ee94b633] INFO  o.eclipse.m2e.core.internal.Bundles - 	Entry: D:\SOFTWARES\eclipse\plugins\org.apache.commons.cli_1.6.0.jar
2024-01-14 17:31:52,704 [Worker-5: Launching mavenrun-230fc936-1cdd-41a1-835b-4603ee94b633] INFO  o.eclipse.m2e.core.internal.Bundles - getClasspathEntries(Bundle=org.apache.commons.commons-codec_1.16.0 [75])
2024-01-14 17:31:52,704 [Worker-5: Launching mavenrun-230fc936-1cdd-41a1-835b-4603ee94b633] INFO  o.eclipse.m2e.core.internal.Bundles - 	Entry: D:\SOFTWARES\eclipse\plugins\org.apache.commons.commons-codec_1.16.0.jar
2024-01-14 17:31:52,704 [Worker-5: Launching mavenrun-230fc936-1cdd-41a1-835b-4603ee94b633] INFO  o.eclipse.m2e.core.internal.Bundles - getClasspathEntries(Bundle=org.apache.commons.lang3_3.13.0 [82])
2024-01-14 17:31:52,705 [Worker-5: Launching mavenrun-230fc936-1cdd-41a1-835b-4603ee94b633] INFO  o.eclipse.m2e.core.internal.Bundles - 	Entry: D:\SOFTWARES\eclipse\plugins\org.apache.commons.lang3_3.13.0.jar
2024-01-14 17:31:52,705 [Worker-5: Launching mavenrun-230fc936-1cdd-41a1-835b-4603ee94b633] INFO  o.eclipse.m2e.core.internal.Bundles - getClasspathEntries(Bundle=com.google.guava.failureaccess_1.0.2 [13])
2024-01-14 17:31:52,705 [Worker-5: Launching mavenrun-230fc936-1cdd-41a1-835b-4603ee94b633] INFO  o.eclipse.m2e.core.internal.Bundles - 	Entry: D:\SOFTWARES\eclipse\plugins\com.google.guava.failureaccess_1.0.2.jar
2024-01-14 17:31:52,726 [Worker-5: Launching mavenrun-230fc936-1cdd-41a1-835b-4603ee94b633] INFO  o.e.m.i.launch.MavenLaunchDelegate - Run build in "C:\Users\ha890\AppData\Local\Temp\m2e-archetypeGenerator13389172695749165849":
2024-01-14 17:31:52,732 [Worker-5: Launching mavenrun-230fc936-1cdd-41a1-835b-4603ee94b633] INFO  o.e.m.i.launch.MavenLaunchDelegate -  mvn  -DarchetypeGroupId=org.apache.maven.archetypes -DarchetypeArtifactId=maven-archetype-webapp -DarchetypeVersion=1.0 -DgroupId=com.haidar -DartifactId=myproject -Dversion=0.0.1-SNAPSHOT -Dpackage=com.haidar.myproject -DoutputDirectory=D:\JavaMvcProject -Dstyle.color=always -U archetype:generate
2024-01-14 17:32:22,708 [Worker-4: Creating maven-archetype-webapp] INFO  o.e.m.c.i.p.ProjectConfigurationManager - Collecting project info '/pom.xml' D:\JavaMvcProject\myproject\pom.xml
2024-01-14 17:32:23,536 [Worker-4: Creating maven-archetype-webapp] INFO  o.e.m.c.i.e.AbstractTransferListenerAdapter - Downloading https://repo.maven.apache.org/maven2/org/apache/maven/plugins/maven-war-plugin/3.4.0/maven-war-plugin-3.4.0.jar
2024-01-14 17:32:23,577 [Worker-4: Creating maven-archetype-webapp] INFO  o.e.m.c.i.e.AbstractTransferListenerAdapter - Downloaded https://repo.maven.apache.org/maven2/org/apache/maven/plugins/maven-war-plugin/3.4.0/maven-war-plugin-3.4.0.jar
2024-01-14 17:32:26,304 [Worker-4: Creating maven-archetype-webapp] INFO  o.e.m.c.i.l.LifecycleMappingFactory - Using org.maven.ide.eclipse.wtp.WarLifecycleMapping lifecycle mapping for MavenProject: com.haidar:myproject:0.0.1-SNAPSHOT @ D:\JavaMvcProject\myproject\pom.xml.
2024-01-14 17:32:26,972 [Worker-4: Creating maven-archetype-webapp] INFO  o.e.m.c.i.e.AbstractTransferListenerAdapter - Downloading https://repo.maven.apache.org/maven2/org/apache/maven/plugins/maven-war-plugin/3.4.0/maven-war-plugin-3.4.0.pom
2024-01-14 17:32:26,978 [Worker-4: Creating maven-archetype-webapp] INFO  o.e.m.c.i.e.AbstractTransferListenerAdapter - Downloaded https://repo.maven.apache.org/maven2/org/apache/maven/plugins/maven-war-plugin/3.4.0/maven-war-plugin-3.4.0.pom
2024-01-14 17:32:27,802 [Worker-4: Creating maven-archetype-webapp] INFO  o.e.m.c.i.e.AbstractTransferListenerAdapter - Downloading https://repo.maven.apache.org/maven2/org/apache/maven/shared/maven-shared-utils/3.4.2/maven-shared-utils-3.4.2.pom
2024-01-14 17:32:27,807 [Worker-4: Creating maven-archetype-webapp] INFO  o.e.m.c.i.e.AbstractTransferListenerAdapter - Downloaded https://repo.maven.apache.org/maven2/org/apache/maven/shared/maven-shared-utils/3.4.2/maven-shared-utils-3.4.2.pom
2024-01-14 17:32:28,236 [Worker-4: Creating maven-archetype-webapp] INFO  o.e.m.c.i.e.AbstractTransferListenerAdapter - Downloading https://repo.maven.apache.org/maven2/org/codehaus/plexus/plexus-archiver/4.7.1/plexus-archiver-4.7.1.pom
2024-01-14 17:32:28,241 [Worker-4: Creating maven-archetype-webapp] INFO  o.e.m.c.i.e.AbstractTransferListenerAdapter - Downloaded https://repo.maven.apache.org/maven2/org/codehaus/plexus/plexus-archiver/4.7.1/plexus-archiver-4.7.1.pom
2024-01-14 17:32:28,290 [Worker-4: Creating maven-archetype-webapp] INFO  o.e.m.c.i.e.AbstractTransferListenerAdapter - Downloading https://repo.maven.apache.org/maven2/org/codehaus/plexus/plexus-io/3.4.1/plexus-io-3.4.1.pom
2024-01-14 17:32:28,294 [Worker-4: Creating maven-archetype-webapp] INFO  o.e.m.c.i.e.AbstractTransferListenerAdapter - Downloaded https://repo.maven.apache.org/maven2/org/codehaus/plexus/plexus-io/3.4.1/plexus-io-3.4.1.pom
2024-01-14 17:32:28,508 [Worker-4: Creating maven-archetype-webapp] INFO  o.e.m.c.i.e.AbstractTransferListenerAdapter - Downloading https://repo.maven.apache.org/maven2/com/github/luben/zstd-jni/1.5.5-2/zstd-jni-1.5.5-2.pom
2024-01-14 17:32:28,511 [Worker-4: Creating maven-archetype-webapp] INFO  o.e.m.c.i.e.AbstractTransferListenerAdapter - Downloaded https://repo.maven.apache.org/maven2/com/github/luben/zstd-jni/1.5.5-2/zstd-jni-1.5.5-2.pom
2024-01-14 17:32:29,229 [Worker-4: Creating maven-archetype-webapp] INFO  o.e.m.c.i.e.AbstractTransferListenerAdapter - Downloading https://repo.maven.apache.org/maven2/org/codehaus/plexus/plexus-component-annotations/1.5.4/plexus-component-annotations-1.5.4.pom
2024-01-14 17:32:29,233 [Worker-4: Creating maven-archetype-webapp] INFO  o.e.m.c.i.e.AbstractTransferListenerAdapter - Downloaded https://repo.maven.apache.org/maven2/org/codehaus/plexus/plexus-component-annotations/1.5.4/plexus-component-annotations-1.5.4.pom
2024-01-14 17:32:29,361 [Worker-4: Creating maven-archetype-webapp] INFO  o.e.m.c.i.e.AbstractTransferListenerAdapter - Downloading https://repo.maven.apache.org/maven2/org/codehaus/plexus/plexus-containers/1.5.4/plexus-containers-1.5.4.pom
2024-01-14 17:32:29,364 [Worker-4: Creating maven-archetype-webapp] INFO  o.e.m.c.i.e.AbstractTransferListenerAdapter - Downloaded https://repo.maven.apache.org/maven2/org/codehaus/plexus/plexus-containers/1.5.4/plexus-containers-1.5.4.pom
2024-01-14 17:32:29,783 [Worker-4: Creating maven-archetype-webapp] INFO  o.e.m.c.i.e.AbstractTransferListenerAdapter - Downloading https://repo.maven.apache.org/maven2/org/apache/maven/shared/maven-shared-utils/3.4.2/maven-shared-utils-3.4.2.jar
2024-01-14 17:32:29,828 [Worker-4: Creating maven-archetype-webapp] INFO  o.e.m.c.i.e.AbstractTransferListenerAdapter - Downloaded https://repo.maven.apache.org/maven2/org/apache/maven/shared/maven-shared-utils/3.4.2/maven-shared-utils-3.4.2.jar
2024-01-14 17:32:29,864 [BasicRepositoryConnector-repo.maven.apache.org-0-1] INFO  o.e.m.c.i.e.AbstractTransferListenerAdapter - Downloading https://repo.maven.apache.org/maven2/com/github/luben/zstd-jni/1.5.5-2/zstd-jni-1.5.5-2.jar
2024-01-14 17:32:29,922 [BasicRepositoryConnector-repo.maven.apache.org-0-0] INFO  o.e.m.c.i.e.AbstractTransferListenerAdapter - Downloading https://repo.maven.apache.org/maven2/org/codehaus/plexus/plexus-archiver/4.7.1/plexus-archiver-4.7.1.jar
2024-01-14 17:32:29,997 [BasicRepositoryConnector-repo.maven.apache.org-0-0] INFO  o.e.m.c.i.e.AbstractTransferListenerAdapter - Downloaded https://repo.maven.apache.org/maven2/org/codehaus/plexus/plexus-archiver/4.7.1/plexus-archiver-4.7.1.jar
2024-01-14 17:32:30,205 [BasicRepositoryConnector-repo.maven.apache.org-0-1] INFO  o.e.m.c.i.e.AbstractTransferListenerAdapter - Downloaded https://repo.maven.apache.org/maven2/com/github/luben/zstd-jni/1.5.5-2/zstd-jni-1.5.5-2.jar
2024-01-14 17:32:31,810 [Worker-4: Creating maven-archetype-webapp] INFO  o.e.m.j.i.AbstractJavaProjectConfigurator - Adding source folder /myproject/src/main/java
2024-01-14 17:32:31,811 [Worker-4: Creating maven-archetype-webapp] INFO  o.e.m.j.i.AbstractJavaProjectConfigurator - Adding resource folder /myproject/src/main/resources
2024-01-14 17:32:31,812 [Worker-4: Creating maven-archetype-webapp] INFO  o.e.m.j.i.AbstractJavaProjectConfigurator - Adding source folder /myproject/src/test/java
2024-01-14 17:32:31,813 [Worker-4: Creating maven-archetype-webapp] INFO  o.e.m.j.i.AbstractJavaProjectConfigurator - Adding resource folder /myproject/src/test/resources
2024-01-14 17:32:32,572 [Worker-10: Download sources and javadoc] INFO  o.e.m.c.i.e.AbstractTransferListenerAdapter - Downloading https://repo.maven.apache.org/maven2/junit/junit/3.8.1/junit-3.8.1-sources.jar
2024-01-14 17:32:32,616 [Worker-10: Download sources and javadoc] INFO  o.e.m.c.i.e.AbstractTransferListenerAdapter - Downloaded https://repo.maven.apache.org/maven2/junit/junit/3.8.1/junit-3.8.1-sources.jar
2024-01-14 17:32:32,621 [Worker-10: Download sources and javadoc] INFO  o.e.m.j.internal.DownloadSourcesJob - Downloaded sources for junit:junit:3.8.1
2024-01-14 17:32:36,135 [Worker-4: Creating maven-archetype-webapp] INFO  o.e.m.c.i.p.ProjectConfigurationManager - Imported and configured 1 project(s) in 13 sec
2024-01-14 17:32:37,926 [Worker-11: Building] WARN  o.a.m.s.f.DefaultMavenResourcesFiltering - Using platform encoding (Cp1252 actually) to copy filtered resources, i.e. build is platform dependent!
2024-01-14 17:32:37,980 [Worker-11: Building] INFO  o.a.m.s.f.DefaultMavenResourcesFiltering - Copying 0 resource from src\main\resources to target\classes
2024-01-14 17:32:37,992 [Worker-11: Building] WARN  o.a.m.s.f.DefaultMavenResourcesFiltering - Using platform encoding (Cp1252 actually) to copy filtered resources, i.e. build is platform dependent!
2024-01-14 17:32:37,993 [Worker-11: Building] INFO  o.a.m.s.f.DefaultMavenResourcesFiltering - skip non existing resourceDirectory D:\JavaMvcProject\myproject\src\test\resources
2024-01-14 17:38:37,344 [Worker-10: Building] INFO  o.e.m.c.i.e.AbstractTransferListenerAdapter - Downloading https://repo.maven.apache.org/maven2/org/apache/maven/plugins/maven-compiler-plugin/3.12.1/maven-compiler-plugin-3.12.1.jar
2024-01-14 17:38:37,443 [Worker-10: Building] INFO  o.e.m.c.i.e.AbstractTransferListenerAdapter - Downloaded https://repo.maven.apache.org/maven2/org/apache/maven/plugins/maven-compiler-plugin/3.12.1/maven-compiler-plugin-3.12.1.jar
2024-01-14 17:38:37,582 [Worker-10: Building] INFO  o.e.m.c.i.e.AbstractTransferListenerAdapter - Downloading https://repo.maven.apache.org/maven2/org/apache/maven/plugins/maven-compiler-plugin/3.12.1/maven-compiler-plugin-3.12.1.pom
2024-01-14 17:38:37,587 [Worker-10: Building] INFO  o.e.m.c.i.e.AbstractTransferListenerAdapter - Downloaded https://repo.maven.apache.org/maven2/org/apache/maven/plugins/maven-compiler-plugin/3.12.1/maven-compiler-plugin-3.12.1.pom
2024-01-14 17:38:37,684 [Worker-10: Building] INFO  o.e.m.c.i.e.AbstractTransferListenerAdapter - Downloading https://repo.maven.apache.org/maven2/org/apache/maven/plugins/maven-plugins/41/maven-plugins-41.pom
2024-01-14 17:38:37,687 [Worker-10: Building] INFO  o.e.m.c.i.e.AbstractTransferListenerAdapter - Downloaded https://repo.maven.apache.org/maven2/org/apache/maven/plugins/maven-plugins/41/maven-plugins-41.pom
2024-01-14 17:38:38,000 [Worker-10: Building] INFO  o.e.m.c.i.e.AbstractTransferListenerAdapter - Downloading https://repo.maven.apache.org/maven2/org/codehaus/plexus/plexus-java/1.2.0/plexus-java-1.2.0.pom
2024-01-14 17:38:38,002 [Worker-10: Building] INFO  o.e.m.c.i.e.AbstractTransferListenerAdapter - Downloaded https://repo.maven.apache.org/maven2/org/codehaus/plexus/plexus-java/1.2.0/plexus-java-1.2.0.pom
2024-01-14 17:38:38,098 [Worker-10: Building] INFO  o.e.m.c.i.e.AbstractTransferListenerAdapter - Downloading https://repo.maven.apache.org/maven2/org/codehaus/plexus/plexus-languages/1.2.0/plexus-languages-1.2.0.pom
2024-01-14 17:38:38,102 [Worker-10: Building] INFO  o.e.m.c.i.e.AbstractTransferListenerAdapter - Downloaded https://repo.maven.apache.org/maven2/org/codehaus/plexus/plexus-languages/1.2.0/plexus-languages-1.2.0.pom
2024-01-14 17:38:38,199 [Worker-10: Building] INFO  o.e.m.c.i.e.AbstractTransferListenerAdapter - Downloading https://repo.maven.apache.org/maven2/org/codehaus/plexus/plexus/15/plexus-15.pom
2024-01-14 17:38:38,210 [Worker-10: Building] INFO  o.e.m.c.i.e.AbstractTransferListenerAdapter - Downloaded https://repo.maven.apache.org/maven2/org/codehaus/plexus/plexus/15/plexus-15.pom
2024-01-14 17:38:38,371 [Worker-10: Building] INFO  o.e.m.c.i.e.AbstractTransferListenerAdapter - Downloading https://repo.maven.apache.org/maven2/org/ow2/asm/asm/9.6/asm-9.6.pom
2024-01-14 17:38:38,376 [Worker-10: Building] INFO  o.e.m.c.i.e.AbstractTransferListenerAdapter - Downloaded https://repo.maven.apache.org/maven2/org/ow2/asm/asm/9.6/asm-9.6.pom
2024-01-14 17:38:38,541 [Worker-10: Building] INFO  o.e.m.c.i.e.AbstractTransferListenerAdapter - Downloading https://repo.maven.apache.org/maven2/org/codehaus/plexus/plexus-compiler-api/2.14.2/plexus-compiler-api-2.14.2.pom
2024-01-14 17:38:38,545 [Worker-10: Building] INFO  o.e.m.c.i.e.AbstractTransferListenerAdapter - Downloaded https://repo.maven.apache.org/maven2/org/codehaus/plexus/plexus-compiler-api/2.14.2/plexus-compiler-api-2.14.2.pom
2024-01-14 17:38:38,654 [Worker-10: Building] INFO  o.e.m.c.i.e.AbstractTransferListenerAdapter - Downloading https://repo.maven.apache.org/maven2/org/codehaus/plexus/plexus-compiler/2.14.2/plexus-compiler-2.14.2.pom
2024-01-14 17:38:38,659 [Worker-10: Building] INFO  o.e.m.c.i.e.AbstractTransferListenerAdapter - Downloaded https://repo.maven.apache.org/maven2/org/codehaus/plexus/plexus-compiler/2.14.2/plexus-compiler-2.14.2.pom
2024-01-14 17:38:38,924 [Worker-10: Building] INFO  o.e.m.c.i.e.AbstractTransferListenerAdapter - Downloading https://repo.maven.apache.org/maven2/org/codehaus/plexus/plexus/16/plexus-16.pom
2024-01-14 17:38:38,935 [Worker-10: Building] INFO  o.e.m.c.i.e.AbstractTransferListenerAdapter - Downloaded https://repo.maven.apache.org/maven2/org/codehaus/plexus/plexus/16/plexus-16.pom
2024-01-14 17:38:39,121 [Worker-10: Building] INFO  o.e.m.c.i.e.AbstractTransferListenerAdapter - Downloading https://repo.maven.apache.org/maven2/org/codehaus/plexus/plexus-compiler-manager/2.14.2/plexus-compiler-manager-2.14.2.pom
2024-01-14 17:38:39,125 [Worker-10: Building] INFO  o.e.m.c.i.e.AbstractTransferListenerAdapter - Downloaded https://repo.maven.apache.org/maven2/org/codehaus/plexus/plexus-compiler-manager/2.14.2/plexus-compiler-manager-2.14.2.pom
2024-01-14 17:38:39,232 [Worker-10: Building] INFO  o.e.m.c.i.e.AbstractTransferListenerAdapter - Downloading https://repo.maven.apache.org/maven2/org/codehaus/plexus/plexus-xml/3.0.0/plexus-xml-3.0.0.pom
2024-01-14 17:38:39,235 [Worker-10: Building] INFO  o.e.m.c.i.e.AbstractTransferListenerAdapter - Downloaded https://repo.maven.apache.org/maven2/org/codehaus/plexus/plexus-xml/3.0.0/plexus-xml-3.0.0.pom
2024-01-14 17:38:39,329 [Worker-10: Building] INFO  o.e.m.c.i.e.AbstractTransferListenerAdapter - Downloading https://repo.maven.apache.org/maven2/org/codehaus/plexus/plexus-compiler-javac/2.14.2/plexus-compiler-javac-2.14.2.pom
2024-01-14 17:38:39,332 [Worker-10: Building] INFO  o.e.m.c.i.e.AbstractTransferListenerAdapter - Downloaded https://repo.maven.apache.org/maven2/org/codehaus/plexus/plexus-compiler-javac/2.14.2/plexus-compiler-javac-2.14.2.pom
2024-01-14 17:38:39,463 [Worker-10: Building] INFO  o.e.m.c.i.e.AbstractTransferListenerAdapter - Downloading https://repo.maven.apache.org/maven2/org/codehaus/plexus/plexus-compilers/2.14.2/plexus-compilers-2.14.2.pom
2024-01-14 17:38:39,466 [Worker-10: Building] INFO  o.e.m.c.i.e.AbstractTransferListenerAdapter - Downloaded https://repo.maven.apache.org/maven2/org/codehaus/plexus/plexus-compilers/2.14.2/plexus-compilers-2.14.2.pom
2024-01-14 17:38:39,585 [Worker-10: Building] INFO  o.e.m.c.i.e.AbstractTransferListenerAdapter - Downloading https://repo.maven.apache.org/maven2/org/codehaus/plexus/plexus-java/1.2.0/plexus-java-1.2.0.jar
2024-01-14 17:38:39,604 [Worker-10: Building] INFO  o.e.m.c.i.e.AbstractTransferListenerAdapter - Downloaded https://repo.maven.apache.org/maven2/org/codehaus/plexus/plexus-java/1.2.0/plexus-java-1.2.0.jar
2024-01-14 17:38:39,684 [BasicRepositoryConnector-repo.maven.apache.org-1-1] INFO  o.e.m.c.i.e.AbstractTransferListenerAdapter - Downloading https://repo.maven.apache.org/maven2/org/codehaus/plexus/plexus-compiler-api/2.14.2/plexus-compiler-api-2.14.2.jar
2024-01-14 17:38:39,696 [BasicRepositoryConnector-repo.maven.apache.org-1-1] INFO  o.e.m.c.i.e.AbstractTransferListenerAdapter - Downloaded https://repo.maven.apache.org/maven2/org/codehaus/plexus/plexus-compiler-api/2.14.2/plexus-compiler-api-2.14.2.jar
2024-01-14 17:38:39,785 [BasicRepositoryConnector-repo.maven.apache.org-1-0] INFO  o.e.m.c.i.e.AbstractTransferListenerAdapter - Downloading https://repo.maven.apache.org/maven2/org/ow2/asm/asm/9.6/asm-9.6.jar
2024-01-14 17:38:39,807 [BasicRepositoryConnector-repo.maven.apache.org-1-3] INFO  o.e.m.c.i.e.AbstractTransferListenerAdapter - Downloading https://repo.maven.apache.org/maven2/org/codehaus/plexus/plexus-xml/3.0.0/plexus-xml-3.0.0.jar
2024-01-14 17:38:39,807 [BasicRepositoryConnector-repo.maven.apache.org-1-2] INFO  o.e.m.c.i.e.AbstractTransferListenerAdapter - Downloading https://repo.maven.apache.org/maven2/org/codehaus/plexus/plexus-compiler-manager/2.14.2/plexus-compiler-manager-2.14.2.jar
2024-01-14 17:38:39,811 [BasicRepositoryConnector-repo.maven.apache.org-1-2] INFO  o.e.m.c.i.e.AbstractTransferListenerAdapter - Downloaded https://repo.maven.apache.org/maven2/org/codehaus/plexus/plexus-compiler-manager/2.14.2/plexus-compiler-manager-2.14.2.jar
2024-01-14 17:38:39,849 [BasicRepositoryConnector-repo.maven.apache.org-1-4] INFO  o.e.m.c.i.e.AbstractTransferListenerAdapter - Downloading https://repo.maven.apache.org/maven2/org/codehaus/plexus/plexus-compiler-javac/2.14.2/plexus-compiler-javac-2.14.2.jar
2024-01-14 17:38:39,861 [BasicRepositoryConnector-repo.maven.apache.org-1-4] INFO  o.e.m.c.i.e.AbstractTransferListenerAdapter - Downloaded https://repo.maven.apache.org/maven2/org/codehaus/plexus/plexus-compiler-javac/2.14.2/plexus-compiler-javac-2.14.2.jar
2024-01-14 17:38:39,879 [BasicRepositoryConnector-repo.maven.apache.org-1-0] INFO  o.e.m.c.i.e.AbstractTransferListenerAdapter - Downloaded https://repo.maven.apache.org/maven2/org/ow2/asm/asm/9.6/asm-9.6.jar
2024-01-14 17:38:39,891 [BasicRepositoryConnector-repo.maven.apache.org-1-3] INFO  o.e.m.c.i.e.AbstractTransferListenerAdapter - Downloaded https://repo.maven.apache.org/maven2/org/codehaus/plexus/plexus-xml/3.0.0/plexus-xml-3.0.0.jar
2024-01-14 17:38:40,196 [Worker-10: Building] INFO  o.e.m.c.i.l.LifecycleMappingFactory - Using org.maven.ide.eclipse.wtp.WarLifecycleMapping lifecycle mapping for MavenProject: com.haidar:myproject:0.0.1-SNAPSHOT @ D:\JavaMvcProject\myproject\pom.xml.
2024-01-14 17:38:41,541 [Worker-10: Building] WARN  o.a.m.s.f.DefaultMavenResourcesFiltering - Using platform encoding (Cp1252 actually) to copy filtered resources, i.e. build is platform dependent!
2024-01-14 17:38:41,570 [Worker-10: Building] INFO  o.a.m.s.f.DefaultMavenResourcesFiltering - Copying 0 resource from src\main\resources to target\classes
2024-01-14 17:38:41,573 [Worker-10: Building] WARN  o.a.m.s.f.DefaultMavenResourcesFiltering - Using platform encoding (Cp1252 actually) to copy filtered resources, i.e. build is platform dependent!
2024-01-14 17:38:41,574 [Worker-10: Building] INFO  o.a.m.s.f.DefaultMavenResourcesFiltering - skip non existing resourceDirectory D:\JavaMvcProject\myproject\src\test\resources
2024-01-14 17:38:41,576 [Worker-10: Building] INFO  o.e.m.w.i.f.ResourceFilteringBuildParticipant - Changed resources require a complete clean of filtered resources of myproject
2024-01-14 17:38:41,577 [Worker-10: Building] INFO  o.e.m.w.i.f.ResourceFilteringBuildParticipant - Executing resource filtering for myproject
2024-01-14 17:38:41,675 [Worker-10: Updating Maven Project] INFO  o.e.m.c.i.p.ProjectConfigurationManager - Update started
2024-01-14 17:38:41,988 [Worker-10: Updating Maven Project] INFO  o.e.m.c.i.l.LifecycleMappingFactory - Using org.maven.ide.eclipse.wtp.WarLifecycleMapping lifecycle mapping for MavenProject: com.haidar:myproject:0.0.1-SNAPSHOT @ D:\JavaMvcProject\myproject\pom.xml.
2024-01-14 17:38:42,791 [Worker-10: Updating Maven Project] INFO  o.e.m.j.i.AbstractJavaProjectConfigurator - Adding source folder /myproject/src/main/java
2024-01-14 17:38:42,791 [Worker-10: Updating Maven Project] INFO  o.e.m.j.i.AbstractJavaProjectConfigurator - Adding resource folder /myproject/src/main/resources
2024-01-14 17:38:42,792 [Worker-10: Updating Maven Project] INFO  o.e.m.j.i.AbstractJavaProjectConfigurator - Adding source folder /myproject/src/test/java
2024-01-14 17:38:42,793 [Worker-10: Updating Maven Project] INFO  o.e.m.j.i.AbstractJavaProjectConfigurator - Adding resource folder /myproject/src/test/resources
2024-01-14 17:38:43,833 [Worker-10: Updating Maven Project] INFO  o.e.m.w.i.f.ResourceFilteringBuildParticipant - Cleaning filtered folder for myproject
2024-01-14 17:38:43,845 [Worker-10: Updating Maven Project] INFO  o.e.m.c.i.p.ProjectConfigurationManager - Update completed for 1 poms: local refresh takes 0.00 sec, refresh facades takes 1.00 sec, update config takes 1.00 sec 
2024-01-14 17:38:44,264 [Worker-10: Building] WARN  o.a.m.s.f.DefaultMavenResourcesFiltering - Using platform encoding (Cp1252 actually) to copy filtered resources, i.e. build is platform dependent!
2024-01-14 17:38:44,267 [Worker-10: Building] INFO  o.a.m.s.f.DefaultMavenResourcesFiltering - Copying 0 resource from src\main\resources to target\classes
2024-01-14 17:38:44,271 [Worker-10: Building] WARN  o.a.m.s.f.DefaultMavenResourcesFiltering - Using platform encoding (Cp1252 actually) to copy filtered resources, i.e. build is platform dependent!
2024-01-14 17:38:44,272 [Worker-10: Building] INFO  o.a.m.s.f.DefaultMavenResourcesFiltering - skip non existing resourceDirectory D:\JavaMvcProject\myproject\src\test\resources
2024-01-14 17:38:44,273 [Worker-10: Building] INFO  o.e.m.w.i.f.ResourceFilteringBuildParticipant - Changed resources require a complete clean of filtered resources of myproject
2024-01-14 17:38:44,273 [Worker-10: Building] INFO  o.e.m.w.i.f.ResourceFilteringBuildParticipant - Executing resource filtering for myproject
2024-01-14 17:39:06,310 [Worker-5: Updating Maven Project] INFO  o.e.m.c.i.p.ProjectConfigurationManager - Update started
2024-01-14 17:39:06,653 [Worker-5: Updating Maven Project] INFO  o.e.m.c.i.l.LifecycleMappingFactory - Using org.maven.ide.eclipse.wtp.WarLifecycleMapping lifecycle mapping for MavenProject: com.haidar:myproject:0.0.1-SNAPSHOT @ D:\JavaMvcProject\myproject\pom.xml.
2024-01-14 17:39:07,297 [Worker-5: Updating Maven Project] INFO  o.e.m.j.i.AbstractJavaProjectConfigurator - Adding source folder /myproject/src/main/java
2024-01-14 17:39:07,297 [Worker-5: Updating Maven Project] INFO  o.e.m.j.i.AbstractJavaProjectConfigurator - Adding resource folder /myproject/src/main/resources
2024-01-14 17:39:07,298 [Worker-5: Updating Maven Project] INFO  o.e.m.j.i.AbstractJavaProjectConfigurator - Adding source folder /myproject/src/test/java
2024-01-14 17:39:07,298 [Worker-5: Updating Maven Project] INFO  o.e.m.j.i.AbstractJavaProjectConfigurator - Adding resource folder /myproject/src/test/resources
2024-01-14 17:39:07,561 [Worker-5: Updating Maven Project] INFO  o.e.m.w.i.f.ResourceFilteringBuildParticipant - Cleaning filtered folder for myproject
2024-01-14 17:39:07,572 [Worker-5: Updating Maven Project] INFO  o.e.m.c.i.p.ProjectConfigurationManager - Update completed for 1 poms: local refresh takes 0.00 sec, refresh facades takes 0.00 sec, update config takes 0.00 sec 
2024-01-14 17:39:07,748 [Worker-13: Building] WARN  o.a.m.s.f.DefaultMavenResourcesFiltering - Using platform encoding (Cp1252 actually) to copy filtered resources, i.e. build is platform dependent!
2024-01-14 17:39:07,751 [Worker-13: Building] INFO  o.a.m.s.f.DefaultMavenResourcesFiltering - Copying 0 resource from src\main\resources to target\classes
2024-01-14 17:39:07,756 [Worker-13: Building] WARN  o.a.m.s.f.DefaultMavenResourcesFiltering - Using platform encoding (Cp1252 actually) to copy filtered resources, i.e. build is platform dependent!
2024-01-14 17:39:07,757 [Worker-13: Building] INFO  o.a.m.s.f.DefaultMavenResourcesFiltering - skip non existing resourceDirectory D:\JavaMvcProject\myproject\src\test\resources
2024-01-14 17:39:07,758 [Worker-13: Building] INFO  o.e.m.w.i.f.ResourceFilteringBuildParticipant - Changed resources require a complete clean of filtered resources of myproject
2024-01-14 17:39:07,758 [Worker-13: Building] INFO  o.e.m.w.i.f.ResourceFilteringBuildParticipant - Executing resource filtering for myproject
2024-01-14 17:43:05,740 [Worker-18: Building] WARN  o.a.m.s.f.DefaultMavenResourcesFiltering - Using platform encoding (Cp1252 actually) to copy filtered resources, i.e. build is platform dependent!
2024-01-14 17:43:05,743 [Worker-18: Building] INFO  o.a.m.s.f.DefaultMavenResourcesFiltering - Copying 0 resource from src\main\resources to target\classes
2024-01-14 17:43:05,746 [Worker-18: Building] WARN  o.a.m.s.f.DefaultMavenResourcesFiltering - Using platform encoding (Cp1252 actually) to copy filtered resources, i.e. build is platform dependent!
2024-01-14 17:43:05,747 [Worker-18: Building] INFO  o.a.m.s.f.DefaultMavenResourcesFiltering - Copying 0 resource from src\test\resources to target\test-classes
2024-01-14 17:44:24,095 [Worker-13: Updating Maven Project] INFO  o.e.m.c.i.p.ProjectConfigurationManager - Update started
2024-01-14 17:44:24,347 [Worker-13: Updating Maven Project] INFO  o.e.m.c.i.l.LifecycleMappingFactory - Using org.maven.ide.eclipse.wtp.WarLifecycleMapping lifecycle mapping for MavenProject: com.haidar:myproject:0.0.1-SNAPSHOT @ D:\JavaMvcProject\myproject\pom.xml.
2024-01-14 17:44:24,934 [Worker-13: Updating Maven Project] INFO  o.e.m.j.i.AbstractJavaProjectConfigurator - Adding source folder /myproject/src/main/java
2024-01-14 17:44:24,935 [Worker-13: Updating Maven Project] INFO  o.e.m.j.i.AbstractJavaProjectConfigurator - Adding resource folder /myproject/src/main/resources
2024-01-14 17:44:24,935 [Worker-13: Updating Maven Project] INFO  o.e.m.j.i.AbstractJavaProjectConfigurator - Adding source folder /myproject/src/test/java
2024-01-14 17:44:24,935 [Worker-13: Updating Maven Project] INFO  o.e.m.j.i.AbstractJavaProjectConfigurator - Adding resource folder /myproject/src/test/resources
2024-01-14 17:44:25,468 [Worker-13: Updating Maven Project] INFO  o.e.m.w.i.f.ResourceFilteringBuildParticipant - Cleaning filtered folder for myproject
2024-01-14 17:44:25,480 [Worker-13: Updating Maven Project] INFO  o.e.m.c.i.p.ProjectConfigurationManager - Update completed for 1 poms: local refresh takes 0.00 sec, refresh facades takes 0.00 sec, update config takes 0.00 sec 
2024-01-14 17:44:25,684 [Worker-17: Building] WARN  o.a.m.s.f.DefaultMavenResourcesFiltering - Using platform encoding (Cp1252 actually) to copy filtered resources, i.e. build is platform dependent!
2024-01-14 17:44:25,687 [Worker-17: Building] INFO  o.a.m.s.f.DefaultMavenResourcesFiltering - Copying 0 resource from src\main\resources to target\classes
2024-01-14 17:44:25,693 [Worker-17: Building] WARN  o.a.m.s.f.DefaultMavenResourcesFiltering - Using platform encoding (Cp1252 actually) to copy filtered resources, i.e. build is platform dependent!
2024-01-14 17:44:25,695 [Worker-17: Building] INFO  o.a.m.s.f.DefaultMavenResourcesFiltering - Copying 0 resource from src\test\resources to target\test-classes
2024-01-14 17:44:25,695 [Worker-17: Building] INFO  o.e.m.w.i.f.ResourceFilteringBuildParticipant - Changed resources require a complete clean of filtered resources of myproject
2024-01-14 17:44:25,695 [Worker-17: Building] INFO  o.e.m.w.i.f.ResourceFilteringBuildParticipant - Executing resource filtering for myproject
